<?xml version="1.0" encoding="UTF-8"?>
<!-- Generated by org.testng.reporters.JUnitXMLReporter -->
<testsuite hostname="BLRKEC254337D" name="Regression_suite_1__Chrome" tests="1" failures="1" timestamp="27 Nov 2018 10:58:42 GMT" time="122.101" errors="0">
  <testcase name="TC001_SoftLogin_Phone_And_Zip_login" time="121.845" classname="ExectableClass.SoftLogin">
    <failure type="java.lang.AssertionError" message="Error in Digital coupons page">
      <![CDATA[java.lang.AssertionError: Error in Digital coupons page
	at computedClass.Computed_Digital_Coupons.Loggedin_Coupons_Homepage(Computed_Digital_Coupons.java:430)
	at ExectableClass.SoftLogin.TC001_SoftLogin_Phone_And_Zip_login(SoftLogin.java:38)
... Removed 25 stack frames]]>
    </failure>
  </testcase> <!-- TC001_SoftLogin_Phone_And_Zip_login -->
</testsuite> <!-- Regression_suite_1__Chrome -->
