<?xml version="1.0" encoding="UTF-8"?>
<!-- Generated by org.testng.reporters.JUnitXMLReporter -->
<testsuite hostname="BLRKEC254337D" name="Regression_suite_2__Chrome" tests="1" failures="1" timestamp="27 Nov 2018 10:59:33 GMT" time="50.087" errors="0">
  <testcase name="TC002_SoftLogin_unable_to_view_account" time="50.082" classname="ExectableClass.SoftLogin">
    <failure type="java.lang.AssertionError" message="Error in Softlogin Page">
      <![CDATA[java.lang.AssertionError: Error in Softlogin Page
	at computedClass.Computed_Soft_Or_Hard_Login.SoftLogin(Computed_Soft_Or_Hard_Login.java:108)
	at ExectableClass.SoftLogin.TC002_SoftLogin_unable_to_view_account(SoftLogin.java:54)
... Removed 25 stack frames]]>
    </failure>
  </testcase> <!-- TC002_SoftLogin_unable_to_view_account -->
</testsuite> <!-- Regression_suite_2__Chrome -->
