<?xml version="1.0" encoding="UTF-8"?>
<!-- Generated by org.testng.reporters.JUnitXMLReporter -->
<testsuite hostname="BLRKEC254337D" name="Regression_suite_3__Chrome" tests="1" failures="1" timestamp="27 Nov 2018 11:00:28 GMT" time="54.749" errors="0">
  <testcase name="TC003_SoftLogin_loggedout_user" time="54.743" classname="ExectableClass.SoftLogin">
    <failure type="java.lang.AssertionError" message="Error in Digital coupons page">
      <![CDATA[java.lang.AssertionError: Error in Digital coupons page
	at computedClass.Computed_Digital_Coupons.Loggedout_Coupons_Homepage(Computed_Digital_Coupons.java:204)
	at ExectableClass.SoftLogin.TC003_SoftLogin_loggedout_user(SoftLogin.java:70)
... Removed 25 stack frames]]>
    </failure>
  </testcase> <!-- TC003_SoftLogin_loggedout_user -->
</testsuite> <!-- Regression_suite_3__Chrome -->
