<?xml version="1.0" encoding="UTF-8"?>
<!-- Generated by org.testng.reporters.JUnitXMLReporter -->
<testsuite hostname="VDI-HDQ-0027" name="SoftLogin__Chrome" tests="1" failures="1" timestamp="4 Dec 2018 11:59:03 GMT" time="27.301" errors="0">
  <testcase name="TC003_SoftLogin_loggedout_user" time="27.189" classname="executableClass.SoftLogin">
    <failure type="org.openqa.selenium.NoSuchFrameException" message="No frame element found by name or id Fancybox-frame
Build info: version: &amp;apos;unknown&amp;apos;, revision: &amp;apos;unknown&amp;apos;, time: &amp;apos;unknown&amp;apos;
System info: host: &amp;apos;VDI-HDQ-0027&amp;apos;, ip: &amp;apos;10.211.4.91&amp;apos;, os.name: &amp;apos;Windows 8.1&amp;apos;, os.arch: &amp;apos;amd64&amp;apos;, os.version: &amp;apos;6.3&amp;apos;, java.version: &amp;apos;1.8.0_45&amp;apos;
Driver info: driver.version: unknown">
      <![CDATA[org.openqa.selenium.NoSuchFrameException: No frame element found by name or id Fancybox-frame
Build info: version: 'unknown', revision: 'unknown', time: 'unknown'
System info: host: 'VDI-HDQ-0027', ip: '10.211.4.91', os.name: 'Windows 8.1', os.arch: 'amd64', os.version: '6.3', java.version: '1.8.0_45'
Driver info: driver.version: unknown
	at org.openqa.selenium.remote.RemoteWebDriver$RemoteTargetLocator.frame(RemoteWebDriver.java:930)
	at executableClass.SoftLogin.TC003_SoftLogin_loggedout_user(SoftLogin.java:81)
... Removed 25 stack frames]]>
    </failure>
  </testcase> <!-- TC003_SoftLogin_loggedout_user -->
</testsuite> <!-- SoftLogin__Chrome -->
