<?xml version="1.0" encoding="UTF-8"?>
<testng-results skipped="0" failed="1" total="1" passed="0">
  <reporter-output>
  </reporter-output>
  <suite name="Default suite" duration-ms="69042" started-at="2018-12-24T11:09:52Z" finished-at="2018-12-24T11:11:01Z">
    <groups>
    </groups>
    <test name="Default test" duration-ms="69042" started-at="2018-12-24T11:09:52Z" finished-at="2018-12-24T11:11:01Z">
      <class name="executableClass.Weekly_Ad">
        <test-method status="FAIL" signature="TC01_Add_items_to_list_ADD_TO_LIST_button_item_added()[pri:1, instance:executableClass.Weekly_Ad@589838eb]" name="TC01_Add_items_to_list_ADD_TO_LIST_button_item_added" duration-ms="68961" started-at="2018-12-24T16:39:52Z" finished-at="2018-12-24T16:41:01Z">
          <exception class="java.lang.AssertionError">
            <message>
              <![CDATA[Error in Weekly Ad page]]>
            </message>
            <full-stacktrace>
              <![CDATA[java.lang.AssertionError: Error in Weekly Ad page
	at org.testng.Assert.fail(Assert.java:94)
	at computedClass.Computed_WeeklyAd.WeeklyAdPage(Computed_WeeklyAd.java:128)
	at executableClass.Weekly_Ad.TC01_Add_items_to_list_ADD_TO_LIST_button_item_added(Weekly_Ad.java:41)
	at sun.reflect.NativeMethodAccessorImpl.invoke0(Native Method)
	at sun.reflect.NativeMethodAccessorImpl.invoke(Unknown Source)
	at sun.reflect.DelegatingMethodAccessorImpl.invoke(Unknown Source)
	at java.lang.reflect.Method.invoke(Unknown Source)
	at org.testng.internal.MethodInvocationHelper.invokeMethod(MethodInvocationHelper.java:100)
	at org.testng.internal.Invoker.invokeMethod(Invoker.java:646)
	at org.testng.internal.Invoker.invokeTestMethod(Invoker.java:811)
	at org.testng.internal.Invoker.invokeTestMethods(Invoker.java:1129)
	at org.testng.internal.TestMethodWorker.invokeTestMethods(TestMethodWorker.java:129)
	at org.testng.internal.TestMethodWorker.run(TestMethodWorker.java:112)
	at org.testng.TestRunner.privateRun(TestRunner.java:746)
	at org.testng.TestRunner.run(TestRunner.java:600)
	at org.testng.SuiteRunner.runTest(SuiteRunner.java:366)
	at org.testng.SuiteRunner.runSequentially(SuiteRunner.java:361)
	at org.testng.SuiteRunner.privateRun(SuiteRunner.java:319)
	at org.testng.SuiteRunner.run(SuiteRunner.java:268)
	at org.testng.SuiteRunnerWorker.runSuite(SuiteRunnerWorker.java:52)
	at org.testng.SuiteRunnerWorker.run(SuiteRunnerWorker.java:86)
	at org.testng.TestNG.runSuitesSequentially(TestNG.java:1264)
	at org.testng.TestNG.runSuitesLocally(TestNG.java:1189)
	at org.testng.TestNG.runSuites(TestNG.java:1104)
	at org.testng.TestNG.run(TestNG.java:1076)
	at org.testng.remote.AbstractRemoteTestNG.run(AbstractRemoteTestNG.java:126)
	at org.testng.remote.RemoteTestNG.initAndRun(RemoteTestNG.java:150)
	at org.testng.remote.RemoteTestNG.main(RemoteTestNG.java:58)
]]>
            </full-stacktrace>
          </exception> <!-- java.lang.AssertionError -->
          <reporter-output>
          </reporter-output>
        </test-method> <!-- TC01_Add_items_to_list_ADD_TO_LIST_button_item_added -->
      </class> <!-- executableClass.Weekly_Ad -->
    </test> <!-- Default test -->
  </suite> <!-- Default suite -->
</testng-results>
